<?xml version="1.0" ?>
<coverage branch-rate="0" branches-covered="0" branches-valid="0" complexity="0" line-rate="0.8182" lines-covered="36" lines-valid="44" timestamp="1609139545131" version="5.3.1">
	<!-- Generated by coverage.py: https://coverage.readthedocs.io -->
	<!-- Based on https://raw.githubusercontent.com/cobertura/web/master/htdocs/xml/coverage-04.dtd -->
	<sources>
		<source>/home/ray/OnboardingProject/prj/FoodHub/foodhub/foodhub</source>
	</sources>
	<packages>
		<package branch-rate="0" complexity="0" line-rate="0.8182" name=".">
			<classes>
				<class branch-rate="0" complexity="0" filename="__init__.py" line-rate="1" name="__init__.py">
					<methods/>
					<lines>
						<line hits="1" number="1"/>
						<line hits="1" number="3"/>
					</lines>
				</class>
				<class branch-rate="0" complexity="0" filename="celery.py" line-rate="1" name="celery.py">
					<methods/>
					<lines>
						<line hits="1" number="1"/>
						<line hits="1" number="2"/>
						<line hits="1" number="3"/>
						<line hits="1" number="5"/>
						<line hits="1" number="7"/>
						<line hits="1" number="9"/>
						<line hits="1" number="11"/>
					</lines>
				</class>
				<class branch-rate="0" complexity="0" filename="settings.py" line-rate="1" name="settings.py">
					<methods/>
					<lines>
						<line hits="1" number="13"/>
						<line hits="1" number="16"/>
						<line hits="1" number="23"/>
						<line hits="1" number="26"/>
						<line hits="1" number="28"/>
						<line hits="1" number="33"/>
						<line hits="1" number="46"/>
						<line hits="1" number="57"/>
						<line hits="1" number="59"/>
						<line hits="1" number="75"/>
						<line hits="1" number="81"/>
						<line hits="1" number="112"/>
						<line hits="1" number="131"/>
						<line hits="1" number="133"/>
						<line hits="1" number="135"/>
						<line hits="1" number="137"/>
						<line hits="1" number="139"/>
						<line hits="1" number="145"/>
						<line hits="1" number="149"/>
						<line hits="1" number="160"/>
						<line hits="1" number="164"/>
						<line hits="1" number="165"/>
						<line hits="1" number="166"/>
						<line hits="1" number="168"/>
						<line hits="1" number="171"/>
						<line hits="1" number="173"/>
						<line hits="1" number="177"/>
					</lines>
				</class>
				<class branch-rate="0" complexity="0" filename="urls.py" line-rate="0" name="urls.py">
					<methods/>
					<lines>
						<line hits="0" number="16"/>
						<line hits="0" number="17"/>
						<line hits="0" number="18"/>
						<line hits="0" number="21"/>
					</lines>
				</class>
				<class branch-rate="0" complexity="0" filename="wsgi.py" line-rate="0" name="wsgi.py">
					<methods/>
					<lines>
						<line hits="0" number="10"/>
						<line hits="0" number="12"/>
						<line hits="0" number="14"/>
						<line hits="0" number="16"/>
					</lines>
				</class>
			</classes>
		</package>
	</packages>
</coverage>
